Flutter crash report; please file at https://github.com/flutter/flutter/issues.

## command

flutter packages get

## exception

ArgumentError: Invalid argument(s): Cannot find executable for /home/joshi_anurag/development/flutter/bin/cache/dart-sdk/bin/pub.

```
#0      _getExecutable (package:process/src/interface/local_process_manager.dart:127:5)
#1      LocalProcessManager.start (package:process/src/interface/local_process_manager.dart:43:30)
#2      _DefaultProcessUtils.start (package:flutter_tools/src/base/process.dart:413:27)
#3      _DefaultProcessUtils.stream (package:flutter_tools/src/base/process.dart:431:35)
#4      _DefaultPub.batch (package:flutter_tools/src/dart/pub.dart:259:33)
#5      _DefaultPub.get (package:flutter_tools/src/dart/pub.dart:176:15)
#6      PackagesGetCommand._runPubGet (package:flutter_tools/src/commands/packages.dart:98:17)
#7      PackagesGetCommand.runCommand (package:flutter_tools/src/commands/packages.dart:128:11)
#8      FlutterCommand.verifyThenRunCommand (package:flutter_tools/src/runner/flutter_command.dart:615:18)
#9      _asyncThenWrapperHelper.<anonymous closure> (dart:async-patch/async_patch.dart:73:64)
#10     _rootRunUnary (dart:async/zone.dart:1134:38)
#11     _CustomZone.runUnary (dart:async/zone.dart:1031:19)
#12     _FutureListener.handleValue (dart:async/future_impl.dart:139:18)
#13     Future._propagateToListeners.handleValueCallback (dart:async/future_impl.dart:680:45)
#14     Future._propagateToListeners (dart:async/future_impl.dart:709:32)
#15     Future._completeWithValue (dart:async/future_impl.dart:524:5)
#16     Future._asyncComplete.<anonymous closure> (dart:async/future_impl.dart:554:7)
#17     _rootRun (dart:async/zone.dart:1126:13)
#18     _CustomZone.run (dart:async/zone.dart:1023:19)
#19     _CustomZone.runGuarded (dart:async/zone.dart:925:7)
#20     _CustomZone.bindCallbackGuarded.<anonymous closure> (dart:async/zone.dart:965:23)
#21     _microtaskLoop (dart:async/schedule_microtask.dart:43:21)
#22     _startMicrotaskLoop (dart:async/schedule_microtask.dart:52:5)
#23     _runPendingImmediateCallback (dart:isolate-patch/isolate_patch.dart:118:13)
#24     _RawReceivePortImpl._handleMessage (dart:isolate-patch/isolate_patch.dart:175:5)
```

## flutter doctor

```
[✓] Flutter (Channel stable, v1.12.13+hotfix.9, on Linux, locale en_IN)
    • Flutter version 1.12.13+hotfix.9 at /home/joshi_anurag/development/flutter
    • Framework revision f139b11009 (3 weeks ago), 2020-03-30 13:57:30 -0700
    • Engine revision af51afceb8
    • Dart version 2.7.0

[!] Android toolchain - develop for Android devices (Android SDK version 29.0.3)
    • Android SDK at /home/joshi_anurag/Android/Sdk
    • Android NDK location not configured (optional; useful for native profiling support)
    • Platform android-29, build-tools 29.0.3
    • Java binary at: /home/joshi_anurag/android-studio/jre/bin/java
    • Java version OpenJDK Runtime Environment (build 1.8.0_212-release-1586-b4-5784211)
    ! Some Android licenses not accepted.  To resolve this, run: flutter doctor --android-licenses

[✓] Android Studio (version 3.6)
    • Android Studio at /home/joshi_anurag/android-studio
    • Flutter plugin version 44.0.2
    • Dart plugin version 192.7761
    • Java version OpenJDK Runtime Environment (build 1.8.0_212-release-1586-b4-5784211)

[✓] VS Code (version 1.44.2)
    • VS Code at /usr/share/code
    • Flutter extension version 3.9.1

[✓] Connected device (1 available)
    • ONEPLUS A3003 • 494acf5 • android-arm64 • Android 9 (API 28)

! Doctor found issues in 1 category.
```
